生成启动时间为 2014-02-23 15:16:05。
     1>项目“D:\MyProject\project\MapEditer\CodeEngine\PlistTableCode\PlistTableCode.vcxproj”在节点 3 上(build 个目标)。
     1>C:\Program Files (x86)\MSBuild\Microsoft.Cpp\v4.0\Microsoft.CppBuild.targets(299,5): warning MSB8004: Output 目录未以斜杠结尾。此生成实例将添加斜杠，因为必须有这个斜杠才能正确计算 Output 目录。
     1>InitializeBuildStatus:
         正在创建“Debug\PlistTableCode.unsuccessfulbuild”，因为已指定“AlwaysCreate”。
       ClCompile:
         d:\Program Files (x86)\Microsoft Visual Studio 10.0\VC\bin\CL.exe /c /I../Logic/XML/ /I../Logic/ /I./ /I./Code/ /IF:\SprintCode\Support\Tools\Release\include /IE:\Tools\boost_1_44_0\ /I"E:\Tools\OgreSDK_vc10_v1-7-3\include" /IF:\SprintCode\Support\Client\Release\include /IF:\SprintCode\SDK\OGRE\OgreMain\include /I"E:\Tools\OgreSDK_vc10_v1-7-3\boost_1_44\boost" /ZI /nologo /W3 /WX- /Od /Oy- /D WIN32 /D _DEBUG /D _CONSOLE /D __WINDOWS__ /Gm /EHsc /RTC1 /MDd /GS /fp:precise /Zc:wchar_t /Zc:forScope /Fo"Debug\\" /Fd"Debug\vc100.pdb" /Gd /TP /analyze- /errorReport:prompt ..\Logic\cmd.cpp ..\Logic\fileLog.cpp ..\Logic\Log.cpp ..\Logic\logImp.cpp ..\Logic\StrFun.cpp ..\Logic\StringFun.cpp ..\Logic\SystemConfig.cpp ..\Logic\WinFun.cpp ..\Logic\XML\tinystr.cpp ..\Logic\XML\tinyxml.cpp ..\Logic\XML\tinyxmlerror.cpp ..\Logic\XML\tinyxmlparser.cpp Code\TabelImpl.cpp Code\TableCSharp.cpp Code\TableJava.cpp PlistTableCode.cpp stdafx.cpp
         stdafx.cpp
         PlistTableCode.cpp
     1>d:\myproject\project\mapediter\codeengine\plisttablecode\plisttablecode.cpp(46): warning C4018: “<”: 有符号/无符号不匹配
         TableJava.cpp
         TableCSharp.cpp
         TabelImpl.cpp
     1>d:\myproject\project\mapediter\codeengine\plisttablecode\code\tabelimpl.cpp(108): warning C4018: “<”: 有符号/无符号不匹配
     1>d:\myproject\project\mapediter\codeengine\plisttablecode\code\tabelimpl.cpp(152): warning C4018: “<”: 有符号/无符号不匹配
         tinyxmlparser.cpp
         tinyxmlerror.cpp
         tinyxml.cpp
         tinystr.cpp
         WinFun.cpp
     1>d:\myproject\project\mapediter\codeengine\logic\winfun.cpp(193): warning C4018: “<”: 有符号/无符号不匹配
     1>d:\myproject\project\mapediter\codeengine\logic\winfun.cpp(212): warning C4018: “<”: 有符号/无符号不匹配
     1>d:\myproject\project\mapediter\codeengine\logic\winfun.cpp(232): warning C4018: “<”: 有符号/无符号不匹配
     1>d:\myproject\project\mapediter\codeengine\logic\winfun.cpp(354): warning C4018: “<”: 有符号/无符号不匹配
         SystemConfig.cpp
     1>d:\myproject\project\mapediter\codeengine\logic\systemconfig.cpp(16): warning C4996: '_snprintf': This function or variable may be unsafe. Consider using _snprintf_s instead. To disable deprecation, use _CRT_SECURE_NO_WARNINGS. See online help for details.
                 d:\program files (x86)\microsoft visual studio 10.0\vc\include\stdio.h(363) : 参见“_snprintf”的声明
     1>d:\myproject\project\mapediter\codeengine\logic\systemconfig.cpp(36): warning C4018: “<”: 有符号/无符号不匹配
         StringFun.cpp
     1>d:\myproject\project\mapediter\codeengine\logic\stringfun.cpp(699): warning C4996: 'itoa': The POSIX name for this item is deprecated. Instead, use the ISO C++ conformant name: _itoa. See online help for details.
                 d:\program files (x86)\microsoft visual studio 10.0\vc\include\stdlib.h(867) : 参见“itoa”的声明
         StrFun.cpp
         logImp.cpp
         Log.cpp
         fileLog.cpp
         cmd.cpp
     1>d:\myproject\project\mapediter\codeengine\logic\cmd.cpp(86): warning C4996: '_snprintf': This function or variable may be unsafe. Consider using _snprintf_s instead. To disable deprecation, use _CRT_SECURE_NO_WARNINGS. See online help for details.
                 d:\program files (x86)\microsoft visual studio 10.0\vc\include\stdio.h(363) : 参见“_snprintf”的声明
         正在生成代码...
       ManifestResourceCompile:
         C:\Program Files (x86)\Microsoft SDKs\Windows\v7.0A\bin\rc.exe /nologo /fo"Debug\PlistTableCode.exe.embed.manifest.res" Debug\PlistTableCode_manifest.rc 
       Link:
         d:\Program Files (x86)\Microsoft Visual Studio 10.0\VC\bin\link.exe /ERRORREPORT:PROMPT /OUT:"../Bin/Plist\PlistTableCode.exe" /INCREMENTAL /NOLOGO kernel32.lib user32.lib gdi32.lib winspool.lib comdlg32.lib advapi32.lib shell32.lib ole32.lib oleaut32.lib uuid.lib odbc32.lib odbccp32.lib /MANIFEST /ManifestFile:"Debug\PlistTableCode.exe.intermediate.manifest" /MANIFESTUAC:"level='asInvoker' uiAccess='false'" /DEBUG /PDB:"D:\MyProject\project\MapEditer\CodeEngine\Bin\Plist\PlistTableCode.pdb" /SUBSYSTEM:CONSOLE /TLBID:1 /DYNAMICBASE /NXCOMPAT /IMPLIB:"../Bin/Plist\PlistTableCode.lib" /MACHINE:X86 Debug\PlistTableCode.exe.embed.manifest.res
         Debug\cmd.obj
         Debug\fileLog.obj
         Debug\Log.obj
         Debug\logImp.obj
         Debug\StrFun.obj
         Debug\StringFun.obj
         Debug\SystemConfig.obj
         Debug\WinFun.obj
         Debug\tinystr.obj
         Debug\tinyxml.obj
         Debug\tinyxmlerror.obj
         Debug\tinyxmlparser.obj
         Debug\TabelImpl.obj
         Debug\TableCSharp.obj
         Debug\TableJava.obj
         Debug\PlistTableCode.obj
         Debug\stdafx.obj
       Manifest:
         C:\Program Files (x86)\Microsoft SDKs\Windows\v7.0A\bin\mt.exe /nologo /verbose /out:"Debug\PlistTableCode.exe.embed.manifest" /manifest Debug\PlistTableCode.exe.intermediate.manifest
         C:\Program Files (x86)\Microsoft SDKs\Windows\v7.0A\bin\rc.exe /nologo /fo"Debug\PlistTableCode.exe.embed.manifest.res" Debug\PlistTableCode_manifest.rc 
       LinkEmbedManifest:
         d:\Program Files (x86)\Microsoft Visual Studio 10.0\VC\bin\link.exe /ERRORREPORT:PROMPT /OUT:"../Bin/Plist\PlistTableCode.exe" /INCREMENTAL /NOLOGO kernel32.lib user32.lib gdi32.lib winspool.lib comdlg32.lib advapi32.lib shell32.lib ole32.lib oleaut32.lib uuid.lib odbc32.lib odbccp32.lib /MANIFEST /ManifestFile:"Debug\PlistTableCode.exe.intermediate.manifest" /MANIFESTUAC:"level='asInvoker' uiAccess='false'" /DEBUG /PDB:"D:\MyProject\project\MapEditer\CodeEngine\Bin\Plist\PlistTableCode.pdb" /SUBSYSTEM:CONSOLE /TLBID:1 /DYNAMICBASE /NXCOMPAT /IMPLIB:"../Bin/Plist\PlistTableCode.lib" /MACHINE:X86 Debug\PlistTableCode.exe.embed.manifest.res
         Debug\cmd.obj
         Debug\fileLog.obj
         Debug\Log.obj
         Debug\logImp.obj
         Debug\StrFun.obj
         Debug\StringFun.obj
         Debug\SystemConfig.obj
         Debug\WinFun.obj
         Debug\tinystr.obj
         Debug\tinyxml.obj
         Debug\tinyxmlerror.obj
         Debug\tinyxmlparser.obj
         Debug\TabelImpl.obj
         Debug\TableCSharp.obj
         Debug\TableJava.obj
         Debug\PlistTableCode.obj
         Debug\stdafx.obj
         PlistTableCode.vcxproj -> D:\MyProject\project\MapEditer\CodeEngine\PlistTableCode\../Bin/Plist\PlistTableCode.exe
       FinalizeBuildStatus:
         正在删除文件“Debug\PlistTableCode.unsuccessfulbuild”。
         正在对“Debug\PlistTableCode.lastbuildstate”执行 Touch 任务。
     1>已完成生成项目“D:\MyProject\project\MapEditer\CodeEngine\PlistTableCode\PlistTableCode.vcxproj”(build 个目标)的操作。

生成成功。

已用时间 00:00:27.95
